{"/Users/johgus/code/JohanGustafsson91.github.io/src/components/App/App.ResumeItem.tsx": {"path":"/Users/johgus/code/JohanGustafsson91.github.io/src/components/App/App.ResumeItem.tsx","statementMap":{"0":{"start":{"line":1,"column":26},"end":{"line":20,"column":null}},"1":{"start":{"line":7,"column":2},"end":{"line":20,"column":null}}},"fnMap":{"0":{"name":"(anonymous_0)","decl":{"start":{"line":1,"column":26},"end":{"line":1,"column":27}},"loc":{"start":{"line":7,"column":2},"end":{"line":20,"column":null}},"line":7}},"branchMap":{"0":{"loc":{"start":{"line":9,"column":6},"end":{"line":9,"column":null}},"type":"cond-expr","locations":[{"start":{"line":9,"column":38},"end":{"line":9,"column":58}},{"start":{"line":9,"column":58},"end":{"line":9,"column":null}}],"line":9},"1":{"loc":{"start":{"line":9,"column":6},"end":{"line":9,"column":38}},"type":"binary-expr","locations":[{"start":{"line":9,"column":6},"end":{"line":9,"column":21}},{"start":{"line":9,"column":21},"end":{"line":9,"column":38}}],"line":9},"2":{"loc":{"start":{"line":18,"column":5},"end":{"line":18,"column":null}},"type":"cond-expr","locations":[{"start":{"line":18,"column":19},"end":{"line":18,"column":42}},{"start":{"line":18,"column":42},"end":{"line":18,"column":null}}],"line":18},"3":{"loc":{"start":{"line":19,"column":5},"end":{"line":19,"column":null}},"type":"cond-expr","locations":[{"start":{"line":19,"column":22},"end":{"line":19,"column":65}},{"start":{"line":19,"column":65},"end":{"line":19,"column":null}}],"line":19}},"s":{"0":1,"1":42},"f":{"0":42},"b":{"0":[38,4],"1":[42,4],"2":[38,4],"3":[24,18]},"meta":{"lastBranch":4,"lastFunction":1,"lastStatement":2,"seen":{"s:1:26:20:Infinity":0,"f:1:26:1:27":0,"s:7:2:20:Infinity":1,"b:9:38:9:58:9:58:9:Infinity":0,"b:9:6:9:21:9:21:9:38":1,"b:18:19:18:42:18:42:18:Infinity":2,"b:19:22:19:65:19:65:19:Infinity":3}}}
,"/Users/johgus/code/JohanGustafsson91.github.io/src/components/App/App.Section.tsx": {"path":"/Users/johgus/code/JohanGustafsson91.github.io/src/components/App/App.Section.tsx","statementMap":{"0":{"start":{"line":3,"column":23},"end":{"line":14,"column":null}},"1":{"start":{"line":8,"column":2},"end":{"line":14,"column":null}}},"fnMap":{"0":{"name":"(anonymous_0)","decl":{"start":{"line":3,"column":23},"end":{"line":3,"column":24}},"loc":{"start":{"line":8,"column":2},"end":{"line":14,"column":null}},"line":8}},"branchMap":{"0":{"loc":{"start":{"line":13,"column":5},"end":{"line":13,"column":null}},"type":"binary-expr","locations":[{"start":{"line":13,"column":5},"end":{"line":13,"column":20}},{"start":{"line":13,"column":20},"end":{"line":13,"column":null}}],"line":13}},"s":{"0":1,"1":14},"f":{"0":14},"b":{"0":[14,6]},"meta":{"lastBranch":1,"lastFunction":1,"lastStatement":2,"seen":{"s:3:23:14:Infinity":0,"f:3:23:3:24":0,"s:8:2:14:Infinity":1,"b:13:5:13:20:13:20:13:Infinity":0}}}
,"/Users/johgus/code/JohanGustafsson91.github.io/src/components/App/App.css": {"path":"/Users/johgus/code/JohanGustafsson91.github.io/src/components/App/App.css","statementMap":{},"fnMap":{},"branchMap":{},"s":{},"f":{},"b":{},"meta":{"lastBranch":0,"lastFunction":0,"lastStatement":0,"seen":{}}}
,"/Users/johgus/code/JohanGustafsson91.github.io/src/components/App/App.profile.jpeg": {"path":"/Users/johgus/code/JohanGustafsson91.github.io/src/components/App/App.profile.jpeg","statementMap":{},"fnMap":{},"branchMap":{},"s":{},"f":{},"b":{},"meta":{"lastBranch":0,"lastFunction":0,"lastStatement":0,"seen":{}}}
,"/Users/johgus/code/JohanGustafsson91.github.io/src/components/App/App.tsx": {"path":"/Users/johgus/code/JohanGustafsson91.github.io/src/components/App/App.tsx","statementMap":{"0":{"start":{"line":6,"column":19},"end":{"line":94,"column":null}},"1":{"start":{"line":16,"column":2},"end":{"line":94,"column":null}},"2":{"start":{"line":30,"column":12},"end":{"line":35,"column":null}},"3":{"start":{"line":45,"column":12},"end":{"line":45,"column":null}},"4":{"start":{"line":58,"column":14},"end":{"line":64,"column":null}},"5":{"start":{"line":63,"column":63},"end":{"line":63,"column":67}},"6":{"start":{"line":71,"column":12},"end":{"line":76,"column":null}},"7":{"start":{"line":83,"column":14},"end":{"line":88,"column":null}},"8":{"start":{"line":97,"column":20},"end":{"line":109,"column":null}},"9":{"start":{"line":98,"column":2},"end":{"line":109,"column":null}},"10":{"start":{"line":100,"column":6},"end":{"line":102,"column":null}},"11":{"start":{"line":101,"column":8},"end":{"line":101,"column":null}},"12":{"start":{"line":104,"column":28},"end":{"line":104,"column":null}},"13":{"start":{"line":105,"column":29},"end":{"line":105,"column":null}},"14":{"start":{"line":107,"column":6},"end":{"line":107,"column":null}},"15":{"start":{"line":111,"column":19},"end":{"line":115,"column":null}},"16":{"start":{"line":112,"column":2},"end":{"line":114,"column":null}},"17":{"start":{"line":117,"column":21},"end":{"line":122,"column":null}},"18":{"start":{"line":118,"column":2},"end":{"line":122,"column":null}},"19":{"start":{"line":119,"column":8},"end":{"line":121,"column":null}},"20":{"start":{"line":124,"column":22},"end":{"line":132,"column":null}},"21":{"start":{"line":124,"column":60},"end":{"line":132,"column":null}},"22":{"start":{"line":127,"column":6},"end":{"line":129,"column":null}},"23":{"start":{"line":128,"column":40},"end":{"line":128,"column":55}},"24":{"start":{"line":129,"column":27},"end":{"line":129,"column":31}}},"fnMap":{"0":{"name":"(anonymous_0)","decl":{"start":{"line":6,"column":19},"end":{"line":6,"column":20}},"loc":{"start":{"line":16,"column":2},"end":{"line":94,"column":null}},"line":16},"1":{"name":"(anonymous_1)","decl":{"start":{"line":29,"column":23},"end":{"line":29,"column":24}},"loc":{"start":{"line":30,"column":12},"end":{"line":35,"column":null}},"line":30},"2":{"name":"(anonymous_2)","decl":{"start":{"line":44,"column":25},"end":{"line":44,"column":26}},"loc":{"start":{"line":45,"column":12},"end":{"line":45,"column":null}},"line":45},"3":{"name":"(anonymous_3)","decl":{"start":{"line":57,"column":12},"end":{"line":57,"column":13}},"loc":{"start":{"line":58,"column":14},"end":{"line":64,"column":null}},"line":58},"4":{"name":"(anonymous_4)","decl":{"start":{"line":63,"column":49},"end":{"line":63,"column":50}},"loc":{"start":{"line":63,"column":63},"end":{"line":63,"column":67}},"line":63},"5":{"name":"(anonymous_5)","decl":{"start":{"line":70,"column":40},"end":{"line":70,"column":41}},"loc":{"start":{"line":71,"column":12},"end":{"line":76,"column":null}},"line":71},"6":{"name":"(anonymous_6)","decl":{"start":{"line":82,"column":12},"end":{"line":82,"column":13}},"loc":{"start":{"line":83,"column":14},"end":{"line":88,"column":null}},"line":83},"7":{"name":"(anonymous_7)","decl":{"start":{"line":97,"column":20},"end":{"line":97,"column":21}},"loc":{"start":{"line":98,"column":2},"end":{"line":109,"column":null}},"line":98},"8":{"name":"(anonymous_8)","decl":{"start":{"line":99,"column":9},"end":{"line":99,"column":10}},"loc":{"start":{"line":99,"column":37},"end":{"line":108,"column":5}},"line":99},"9":{"name":"(anonymous_9)","decl":{"start":{"line":111,"column":46},"end":{"line":111,"column":47}},"loc":{"start":{"line":112,"column":2},"end":{"line":114,"column":null}},"line":112},"10":{"name":"(anonymous_10)","decl":{"start":{"line":117,"column":21},"end":{"line":117,"column":52}},"loc":{"start":{"line":118,"column":2},"end":{"line":122,"column":null}},"line":118},"11":{"name":"(anonymous_11)","decl":{"start":{"line":119,"column":4},"end":{"line":119,"column":5}},"loc":{"start":{"line":119,"column":8},"end":{"line":121,"column":null}},"line":119},"12":{"name":"(anonymous_12)","decl":{"start":{"line":124,"column":22},"end":{"line":124,"column":23}},"loc":{"start":{"line":124,"column":60},"end":{"line":132,"column":null}},"line":124},"13":{"name":"(anonymous_13)","decl":{"start":{"line":126,"column":23},"end":{"line":126,"column":24}},"loc":{"start":{"line":127,"column":6},"end":{"line":129,"column":null}},"line":127},"14":{"name":"(anonymous_14)","decl":{"start":{"line":128,"column":16},"end":{"line":128,"column":17}},"loc":{"start":{"line":128,"column":40},"end":{"line":128,"column":55}},"line":128},"15":{"name":"(anonymous_15)","decl":{"start":{"line":129,"column":13},"end":{"line":129,"column":14}},"loc":{"start":{"line":129,"column":27},"end":{"line":129,"column":31}},"line":129}},"branchMap":{"0":{"loc":{"start":{"line":100,"column":6},"end":{"line":102,"column":null}},"type":"if","locations":[{"start":{"line":100,"column":6},"end":{"line":102,"column":null}},{"start":{},"end":{}}],"line":100}},"s":{"0":1,"1":2,"2":4,"3":4,"4":24,"5":140,"6":10,"7":4,"8":1,"9":38,"10":76,"11":4,"12":72,"13":72,"14":72,"15":1,"16":12,"17":1,"18":6,"19":32,"20":1,"21":2,"22":24,"23":140,"24":126},"f":{"0":2,"1":4,"2":4,"3":24,"4":140,"5":10,"6":4,"7":38,"8":76,"9":12,"10":6,"11":32,"12":2,"13":24,"14":140,"15":126},"b":{"0":[4,72]},"meta":{"lastBranch":1,"lastFunction":16,"lastStatement":25,"seen":{"s:6:19:94:Infinity":0,"f:6:19:6:20":0,"s:16:2:94:Infinity":1,"f:29:23:29:24":1,"s:30:12:35:Infinity":2,"f:44:25:44:26":2,"s:45:12:45:Infinity":3,"f:57:12:57:13":3,"s:58:14:64:Infinity":4,"f:63:49:63:50":4,"s:63:63:63:67":5,"f:70:40:70:41":5,"s:71:12:76:Infinity":6,"f:82:12:82:13":6,"s:83:14:88:Infinity":7,"s:97:20:109:Infinity":8,"f:97:20:97:21":7,"s:98:2:109:Infinity":9,"f:99:9:99:10":8,"b:100:6:102:Infinity:undefined:undefined:undefined:undefined":0,"s:100:6:102:Infinity":10,"s:101:8:101:Infinity":11,"s:104:28:104:Infinity":12,"s:105:29:105:Infinity":13,"s:107:6:107:Infinity":14,"s:111:19:115:Infinity":15,"f:111:46:111:47":9,"s:112:2:114:Infinity":16,"s:117:21:122:Infinity":17,"f:117:21:117:52":10,"s:118:2:122:Infinity":18,"f:119:4:119:5":11,"s:119:8:121:Infinity":19,"s:124:22:132:Infinity":20,"f:124:22:124:23":12,"s:124:60:132:Infinity":21,"f:126:23:126:24":13,"s:127:6:129:Infinity":22,"f:128:16:128:17":14,"s:128:40:128:55":23,"f:129:13:129:14":15,"s:129:27:129:31":24}}}
,"/Users/johgus/code/JohanGustafsson91.github.io/src/data/cv.json": {"path":"/Users/johgus/code/JohanGustafsson91.github.io/src/data/cv.json","statementMap":{},"fnMap":{},"branchMap":{},"s":{},"f":{},"b":{},"meta":{"lastBranch":0,"lastFunction":0,"lastStatement":0,"seen":{}}}
}
